Change Component Designator: Old Designator=C57 New Designator=C24
Change Component Designator: Old Designator=C58 New Designator=C23
Change Component Designator: Old Designator=C60 New Designator=C25
Change Component Designator: Old Designator=C61 New Designator=C26
Change Component Designator: Old Designator=C62 New Designator=C27
Change Component Designator: Old Designator=C63 New Designator=C28
Change Component Designator: Old Designator=J3 New Designator=J1
Change Component Designator: Old Designator=L4 New Designator=L6
Change Component Designator: Old Designator=Q4 New Designator=Q2
Change Component Designator: Old Designator=Q5 New Designator=Q3
Change Component Designator: Old Designator=Q6 New Designator=Q4
Change Component Designator: Old Designator=R58 New Designator=R17
Change Component Designator: Old Designator=R59 New Designator=R18
Change Component Designator: Old Designator=R60 New Designator=R19
Change Component Designator: Old Designator=R61 New Designator=R20
Change Component Designator: Old Designator=R62 New Designator=R21
Change Component Designator: Old Designator=R63 New Designator=R23
Change Component Designator: Old Designator=R64 New Designator=R25
Change Component Designator: Old Designator=R65 New Designator=R26
Change Component Designator: Old Designator=R66 New Designator=R24
Change Component Designator: Old Designator=R67 New Designator=R27
