Change Component Designator: Old Designator=C29 New Designator=C32
Change Component Designator: Old Designator=C30 New Designator=C33
Change Component Designator: Old Designator=C31 New Designator=C34
Change Component Designator: Old Designator=D8 New Designator=D9
Change Component Designator: Old Designator=D9 New Designator=D10
Change Component Designator: Old Designator=D10 New Designator=D11
Change Component Designator: Old Designator=D10 New Designator=D12
Change Component Designator: Old Designator=J3 New Designator=J4
Change Component Designator: Old Designator=J4 New Designator=J5
Change Component Designator: Old Designator=J5 New Designator=J7
Change Component Designator: Old Designator=J? New Designator=J6
Change Component Designator: Old Designator=R31 New Designator=R32
Change Component Designator: Old Designator=R32 New Designator=R31
Change Component Designator: Old Designator=R33 New Designator=R40
Change Component Designator: Old Designator=R34 New Designator=R38
Change Component Designator: Old Designator=R35 New Designator=R37
Change Component Designator: Old Designator=R37 New Designator=R39
Change Component Designator: Old Designator=R38 New Designator=R41
Change Component Designator: Old Designator=R39 New Designator=R42
Change Component Designator: Old Designator=R40 New Designator=R43
Change Component Designator: Old Designator=R41 New Designator=R44
Change Component Designator: Old Designator=R42 New Designator=R45
Change Component Designator: Old Designator=R43 New Designator=R46
Change Component Designator: Old Designator=R44 New Designator=R47
Change Component Designator: Old Designator=R45 New Designator=R48
Change Component Designator: Old Designator=R46 New Designator=R49
Change Component Designator: Old Designator=R47 New Designator=R50
Change Component Designator: Old Designator=R48 New Designator=R51
